*****************************************************************
      SolidWorks Corporation - IGES Processor Status Report
*****************************************************************
WARNING: Unable to read IGES file. File was truncated or contains invalid data.                                


=================================================================
Entity Summary
=================================================================
-----------------------------------------------------------------
Type Name                                         Count Converted
---- ----                                         ----- ---------
_________________________________________________________________


=================================================================
Result Summary
=================================================================
SolidWorks Feature Type                Count
-----------------------                -----
Solid feature(s)                       0
Surface feature(s)                     0
Curve/Sketch feature(s)                0
--------------------------------------------
Start time: Friday, October 23, 2020 21:13:45
Finish time: Friday, October 23, 2020 21:13:47
Processing time: 0 days, 00 hours, 00 mins, 02 secs
